[1223/035947.089:INFO:CONSOLE(21172)] "THREE.WebGLRenderer 92", source: file:///C:/Program%20Files/AnyLogic%208.9%20Personal%20Learning%20Edition/plugins/com.anylogic.graphics3d_8.9.1.202408021042/static/build/three.js (21172)
[1223/035947.816:INFO:CONSOLE(3660)] "THREE.ColladaLoader: File version 1.4.0", source: file:///C:/Program%20Files/AnyLogic%208.9%20Personal%20Learning%20Edition/plugins/com.anylogic.graphics3d_8.9.1.202408021042/static/libs/ColladaLoader.js (3660)
[1223/035947.823:INFO:CONSOLE(255)] "Loaded: file:F:/Учеба/7 семестр/Проектный практикум/Диплом (НИЛ)/model_nil/3d/table_2.dae", source: file:///C:/Program%20Files/AnyLogic%208.9%20Personal%20Learning%20Edition/plugins/com.anylogic.graphics3d_8.9.1.202408021042/static/init.js (255)
[1223/035947.823:INFO:CONSOLE(271)] "load end: file:F:/Учеба/7 семестр/Проектный практикум/Диплом (НИЛ)/model_nil/3d/table_2.dae", source: file:///C:/Program%20Files/AnyLogic%208.9%20Personal%20Learning%20Edition/plugins/com.anylogic.graphics3d_8.9.1.202408021042/static/init.js (271)
[1223/035947.892:INFO:CONSOLE(3660)] "THREE.ColladaLoader: File version 1.4.0", source: file:///C:/Program%20Files/AnyLogic%208.9%20Personal%20Learning%20Edition/plugins/com.anylogic.graphics3d_8.9.1.202408021042/static/libs/ColladaLoader.js (3660)
[1223/035947.898:INFO:CONSOLE(255)] "Loaded: file:F:/Учеба/7 семестр/Проектный практикум/Диплом (НИЛ)/model_nil/3d/computer_on.dae", source: file:///C:/Program%20Files/AnyLogic%208.9%20Personal%20Learning%20Edition/plugins/com.anylogic.graphics3d_8.9.1.202408021042/static/init.js (255)
[1223/035947.898:INFO:CONSOLE(271)] "load end: file:F:/Учеба/7 семестр/Проектный практикум/Диплом (НИЛ)/model_nil/3d/computer_on.dae", source: file:///C:/Program%20Files/AnyLogic%208.9%20Personal%20Learning%20Edition/plugins/com.anylogic.graphics3d_8.9.1.202408021042/static/init.js (271)
[1223/035947.910:INFO:CONSOLE(3660)] "THREE.ColladaLoader: File version 1.4.0", source: file:///C:/Program%20Files/AnyLogic%208.9%20Personal%20Learning%20Edition/plugins/com.anylogic.graphics3d_8.9.1.202408021042/static/libs/ColladaLoader.js (3660)
[1223/035947.911:INFO:CONSOLE(255)] "Loaded: file:F:/Учеба/7 семестр/Проектный практикум/Диплом (НИЛ)/model_nil/3d/monitor_on.dae", source: file:///C:/Program%20Files/AnyLogic%208.9%20Personal%20Learning%20Edition/plugins/com.anylogic.graphics3d_8.9.1.202408021042/static/init.js (255)
[1223/035947.911:INFO:CONSOLE(271)] "load end: file:F:/Учеба/7 семестр/Проектный практикум/Диплом (НИЛ)/model_nil/3d/monitor_on.dae", source: file:///C:/Program%20Files/AnyLogic%208.9%20Personal%20Learning%20Edition/plugins/com.anylogic.graphics3d_8.9.1.202408021042/static/init.js (271)
[1223/035947.920:INFO:CONSOLE(3660)] "THREE.ColladaLoader: File version 1.4.0", source: file:///C:/Program%20Files/AnyLogic%208.9%20Personal%20Learning%20Edition/plugins/com.anylogic.graphics3d_8.9.1.202408021042/static/libs/ColladaLoader.js (3660)
[1223/035947.921:INFO:CONSOLE(255)] "Loaded: file:F:/Учеба/7 семестр/Проектный практикум/Диплом (НИЛ)/model_nil/3d/keyboard.dae", source: file:///C:/Program%20Files/AnyLogic%208.9%20Personal%20Learning%20Edition/plugins/com.anylogic.graphics3d_8.9.1.202408021042/static/init.js (255)
[1223/035947.921:INFO:CONSOLE(271)] "load end: file:F:/Учеба/7 семестр/Проектный практикум/Диплом (НИЛ)/model_nil/3d/keyboard.dae", source: file:///C:/Program%20Files/AnyLogic%208.9%20Personal%20Learning%20Edition/plugins/com.anylogic.graphics3d_8.9.1.202408021042/static/init.js (271)
[1223/035947.937:INFO:CONSOLE(3660)] "THREE.ColladaLoader: File version 1.4.1", source: file:///C:/Program%20Files/AnyLogic%208.9%20Personal%20Learning%20Edition/plugins/com.anylogic.graphics3d_8.9.1.202408021042/static/libs/ColladaLoader.js (3660)
[1223/035947.958:INFO:CONSOLE(255)] "Loaded: file:F:/Учеба/7 семестр/Проектный практикум/Диплом (НИЛ)/model_nil/3d/Logitech_G603_Turbosquid.dae", source: file:///C:/Program%20Files/AnyLogic%208.9%20Personal%20Learning%20Edition/plugins/com.anylogic.graphics3d_8.9.1.202408021042/static/init.js (255)
[1223/035947.958:INFO:CONSOLE(271)] "load end: file:F:/Учеба/7 семестр/Проектный практикум/Диплом (НИЛ)/model_nil/3d/Logitech_G603_Turbosquid.dae", source: file:///C:/Program%20Files/AnyLogic%208.9%20Personal%20Learning%20Edition/plugins/com.anylogic.graphics3d_8.9.1.202408021042/static/init.js (271)
[1223/035947.999:INFO:CONSOLE(3660)] "THREE.ColladaLoader: File version 1.4.1", source: file:///C:/Program%20Files/AnyLogic%208.9%20Personal%20Learning%20Edition/plugins/com.anylogic.graphics3d_8.9.1.202408021042/static/libs/ColladaLoader.js (3660)
[1223/035948.024:INFO:CONSOLE(440)] "THREE.ColladaLoader: Animation transform type "%s" not yet implemented. translate", source: file:///C:/Program%20Files/AnyLogic%208.9%20Personal%20Learning%20Edition/plugins/com.anylogic.graphics3d_8.9.1.202408021042/static/libs/ColladaLoader.js (440)
[1223/035948.024:INFO:CONSOLE(440)] "THREE.ColladaLoader: Animation transform type "%s" not yet implemented. translate", source: file:///C:/Program%20Files/AnyLogic%208.9%20Personal%20Learning%20Edition/plugins/com.anylogic.graphics3d_8.9.1.202408021042/static/libs/ColladaLoader.js (440)
[1223/035948.024:INFO:CONSOLE(440)] "THREE.ColladaLoader: Animation transform type "%s" not yet implemented. translate", source: file:///C:/Program%20Files/AnyLogic%208.9%20Personal%20Learning%20Edition/plugins/com.anylogic.graphics3d_8.9.1.202408021042/static/libs/ColladaLoader.js (440)
[1223/035948.024:INFO:CONSOLE(444)] "THREE.ColladaLoader: Animation transform type "%s" not yet implemented. rotate", source: file:///C:/Program%20Files/AnyLogic%208.9%20Personal%20Learning%20Edition/plugins/com.anylogic.graphics3d_8.9.1.202408021042/static/libs/ColladaLoader.js (444)
[1223/035948.024:INFO:CONSOLE(444)] "THREE.ColladaLoader: Animation transform type "%s" not yet implemented. rotate", source: file:///C:/Program%20Files/AnyLogic%208.9%20Personal%20Learning%20Edition/plugins/com.anylogic.graphics3d_8.9.1.202408021042/static/libs/ColladaLoader.js (444)
[1223/035948.024:INFO:CONSOLE(444)] "THREE.ColladaLoader: Animation transform type "%s" not yet implemented. rotate", source: file:///C:/Program%20Files/AnyLogic%208.9%20Personal%20Learning%20Edition/plugins/com.anylogic.graphics3d_8.9.1.202408021042/static/libs/ColladaLoader.js (444)
[1223/035948.024:INFO:CONSOLE(448)] "THREE.ColladaLoader: Animation transform type "%s" not yet implemented. scale", source: file:///C:/Program%20Files/AnyLogic%208.9%20Personal%20Learning%20Edition/plugins/com.anylogic.graphics3d_8.9.1.202408021042/static/libs/ColladaLoader.js (448)
[1223/035948.024:INFO:CONSOLE(448)] "THREE.ColladaLoader: Animation transform type "%s" not yet implemented. scale", source: file:///C:/Program%20Files/AnyLogic%208.9%20Personal%20Learning%20Edition/plugins/com.anylogic.graphics3d_8.9.1.202408021042/static/libs/ColladaLoader.js (448)
[1223/035948.024:INFO:CONSOLE(448)] "THREE.ColladaLoader: Animation transform type "%s" not yet implemented. scale", source: file:///C:/Program%20Files/AnyLogic%208.9%20Personal%20Learning%20Edition/plugins/com.anylogic.graphics3d_8.9.1.202408021042/static/libs/ColladaLoader.js (448)
[1223/035948.026:INFO:CONSOLE(440)] "THREE.ColladaLoader: Animation transform type "%s" not yet implemented. translate", source: file:///C:/Program%20Files/AnyLogic%208.9%20Personal%20Learning%20Edition/plugins/com.anylogic.graphics3d_8.9.1.202408021042/static/libs/ColladaLoader.js (440)
[1223/035948.026:INFO:CONSOLE(440)] "THREE.ColladaLoader: Animation transform type "%s" not yet implemented. translate", source: file:///C:/Program%20Files/AnyLogic%208.9%20Personal%20Learning%20Edition/plugins/com.anylogic.graphics3d_8.9.1.202408021042/static/libs/ColladaLoader.js (440)
[1223/035948.026:INFO:CONSOLE(440)] "THREE.ColladaLoader: Animation transform type "%s" not yet implemented. translate", source: file:///C:/Program%20Files/AnyLogic%208.9%20Personal%20Learning%20Edition/plugins/com.anylogic.graphics3d_8.9.1.202408021042/static/libs/ColladaLoader.js (440)
[1223/035948.026:INFO:CONSOLE(444)] "THREE.ColladaLoader: Animation transform type "%s" not yet implemented. rotate", source: file:///C:/Program%20Files/AnyLogic%208.9%20Personal%20Learning%20Edition/plugins/com.anylogic.graphics3d_8.9.1.202408021042/static/libs/ColladaLoader.js (444)
[1223/035948.026:INFO:CONSOLE(444)] "THREE.ColladaLoader: Animation transform type "%s" not yet implemented. rotate", source: file:///C:/Program%20Files/AnyLogic%208.9%20Personal%20Learning%20Edition/plugins/com.anylogic.graphics3d_8.9.1.202408021042/static/libs/ColladaLoader.js (444)
[1223/035948.026:INFO:CONSOLE(444)] "THREE.ColladaLoader: Animation transform type "%s" not yet implemented. rotate", source: file:///C:/Program%20Files/AnyLogic%208.9%20Personal%20Learning%20Edition/plugins/com.anylogic.graphics3d_8.9.1.202408021042/static/libs/ColladaLoader.js (444)
[1223/035948.026:INFO:CONSOLE(448)] "THREE.ColladaLoader: Animation transform type "%s" not yet implemented. scale", source: file:///C:/Program%20Files/AnyLogic%208.9%20Personal%20Learning%20Edition/plugins/com.anylogic.graphics3d_8.9.1.202408021042/static/libs/ColladaLoader.js (448)
[1223/035948.026:INFO:CONSOLE(448)] "THREE.ColladaLoader: Animation transform type "%s" not yet implemented. scale", source: file:///C:/Program%20Files/AnyLogic%208.9%20Personal%20Learning%20Edition/plugins/com.anylogic.graphics3d_8.9.1.202408021042/static/libs/ColladaLoader.js (448)
[1223/035948.026:INFO:CONSOLE(448)] "THREE.ColladaLoader: Animation transform type "%s" not yet implemented. scale", source: file:///C:/Program%20Files/AnyLogic%208.9%20Personal%20Learning%20Edition/plugins/com.anylogic.graphics3d_8.9.1.202408021042/static/libs/ColladaLoader.js (448)
[1223/035948.039:INFO:CONSOLE(255)] "Loaded: file:F:/Учеба/7 семестр/Проектный практикум/Диплом (НИЛ)/model_nil/3d/HP PRINTERdae.dae", source: file:///C:/Program%20Files/AnyLogic%208.9%20Personal%20Learning%20Edition/plugins/com.anylogic.graphics3d_8.9.1.202408021042/static/init.js (255)
[1223/035948.039:INFO:CONSOLE(271)] "load end: file:F:/Учеба/7 семестр/Проектный практикум/Диплом (НИЛ)/model_nil/3d/HP PRINTERdae.dae", source: file:///C:/Program%20Files/AnyLogic%208.9%20Personal%20Learning%20Edition/plugins/com.anylogic.graphics3d_8.9.1.202408021042/static/init.js (271)
[1223/035948.082:INFO:CONSOLE(3660)] "THREE.ColladaLoader: File version 1.4.1", source: file:///C:/Program%20Files/AnyLogic%208.9%20Personal%20Learning%20Edition/plugins/com.anylogic.graphics3d_8.9.1.202408021042/static/libs/ColladaLoader.js (3660)
[1223/035948.151:INFO:CONSOLE(255)] "Loaded: file:F:/Учеба/7 семестр/Проектный практикум/Диплом (НИЛ)/model_nil/3d/Router higt-poly.dae", source: file:///C:/Program%20Files/AnyLogic%208.9%20Personal%20Learning%20Edition/plugins/com.anylogic.graphics3d_8.9.1.202408021042/static/init.js (255)
[1223/035948.151:INFO:CONSOLE(271)] "load end: file:F:/Учеба/7 семестр/Проектный практикум/Диплом (НИЛ)/model_nil/3d/Router higt-poly.dae", source: file:///C:/Program%20Files/AnyLogic%208.9%20Personal%20Learning%20Edition/plugins/com.anylogic.graphics3d_8.9.1.202408021042/static/init.js (271)
[1223/035948.230:INFO:CONSOLE(3660)] "THREE.ColladaLoader: File version 1.4.1", source: file:///C:/Program%20Files/AnyLogic%208.9%20Personal%20Learning%20Edition/plugins/com.anylogic.graphics3d_8.9.1.202408021042/static/libs/ColladaLoader.js (3660)
[1223/035948.231:INFO:CONSOLE(259)] "[object Element]", source: file:///C:/Program%20Files/AnyLogic%208.9%20Personal%20Learning%20Edition/plugins/com.anylogic.graphics3d_8.9.1.202408021042/static/libs/ColladaLoader.js (259)
[1223/035948.392:INFO:CONSOLE(255)] "Loaded: file:F:/Учеба/7 семестр/Проектный практикум/Диплом (НИЛ)/model_nil/3d/uploads_files_4338802_panels-and-things.dae", source: file:///C:/Program%20Files/AnyLogic%208.9%20Personal%20Learning%20Edition/plugins/com.anylogic.graphics3d_8.9.1.202408021042/static/init.js (255)
[1223/035948.393:INFO:CONSOLE(271)] "load end: file:F:/Учеба/7 семестр/Проектный практикум/Диплом (НИЛ)/model_nil/3d/uploads_files_4338802_panels-and-things.dae", source: file:///C:/Program%20Files/AnyLogic%208.9%20Personal%20Learning%20Edition/plugins/com.anylogic.graphics3d_8.9.1.202408021042/static/init.js (271)
[1223/035948.429:INFO:CONSOLE(19709)] "THREE.WebGLRenderer: image is not power of two (1000x400). Resized to 512x256 [object HTMLImageElement]", source: file:///C:/Program%20Files/AnyLogic%208.9%20Personal%20Learning%20Edition/plugins/com.anylogic.graphics3d_8.9.1.202408021042/static/build/three.js (19709)
[1223/035948.435:INFO:CONSOLE(19709)] "THREE.WebGLRenderer: image is not power of two (1000x400). Resized to 512x256 [object HTMLImageElement]", source: file:///C:/Program%20Files/AnyLogic%208.9%20Personal%20Learning%20Edition/plugins/com.anylogic.graphics3d_8.9.1.202408021042/static/build/three.js (19709)
[1223/035948.436:INFO:CONSOLE(19709)] "THREE.WebGLRenderer: image is not power of two (1000x400). Resized to 512x256 [object HTMLImageElement]", source: file:///C:/Program%20Files/AnyLogic%208.9%20Personal%20Learning%20Edition/plugins/com.anylogic.graphics3d_8.9.1.202408021042/static/build/three.js (19709)
[1223/035948.436:INFO:CONSOLE(19709)] "THREE.WebGLRenderer: image is not power of two (1019x1600). Resized to 512x1024 [object HTMLImageElement]", source: file:///C:/Program%20Files/AnyLogic%208.9%20Personal%20Learning%20Edition/plugins/com.anylogic.graphics3d_8.9.1.202408021042/static/build/three.js (19709)
[1223/035948.443:INFO:CONSOLE(19709)] "THREE.WebGLRenderer: image is not power of two (1019x1600). Resized to 512x1024 [object HTMLImageElement]", source: file:///C:/Program%20Files/AnyLogic%208.9%20Personal%20Learning%20Edition/plugins/com.anylogic.graphics3d_8.9.1.202408021042/static/build/three.js (19709)
[1223/035948.443:INFO:CONSOLE(19709)] "THREE.WebGLRenderer: image is not power of two (1019x1600). Resized to 512x1024 [object HTMLImageElement]", source: file:///C:/Program%20Files/AnyLogic%208.9%20Personal%20Learning%20Edition/plugins/com.anylogic.graphics3d_8.9.1.202408021042/static/build/three.js (19709)
[1223/035948.443:INFO:CONSOLE(19709)] "THREE.WebGLRenderer: image is not power of two (1019x1600). Resized to 512x1024 [object HTMLImageElement]", source: file:///C:/Program%20Files/AnyLogic%208.9%20Personal%20Learning%20Edition/plugins/com.anylogic.graphics3d_8.9.1.202408021042/static/build/three.js (19709)
[1223/035948.443:INFO:CONSOLE(19709)] "THREE.WebGLRenderer: image is not power of two (1019x1600). Resized to 512x1024 [object HTMLImageElement]", source: file:///C:/Program%20Files/AnyLogic%208.9%20Personal%20Learning%20Edition/plugins/com.anylogic.graphics3d_8.9.1.202408021042/static/build/three.js (19709)
[1223/035948.443:INFO:CONSOLE(19709)] "THREE.WebGLRenderer: image is not power of two (1024x586). Resized to 1024x512 [object HTMLImageElement]", source: file:///C:/Program%20Files/AnyLogic%208.9%20Personal%20Learning%20Edition/plugins/com.anylogic.graphics3d_8.9.1.202408021042/static/build/three.js (19709)
[1223/035948.445:INFO:CONSOLE(19709)] "THREE.WebGLRenderer: image is not power of two (1024x618). Resized to 1024x512 [object HTMLImageElement]", source: file:///C:/Program%20Files/AnyLogic%208.9%20Personal%20Learning%20Edition/plugins/com.anylogic.graphics3d_8.9.1.202408021042/static/build/three.js (19709)
[1223/035948.447:INFO:CONSOLE(19709)] "THREE.WebGLRenderer: image is not power of two (1024x1018). Resized to 1024x512 [object HTMLImageElement]", source: file:///C:/Program%20Files/AnyLogic%208.9%20Personal%20Learning%20Edition/plugins/com.anylogic.graphics3d_8.9.1.202408021042/static/build/three.js (19709)
[1223/035948.450:INFO:CONSOLE(19709)] "THREE.WebGLRenderer: image is not power of two (1024x579). Resized to 1024x512 [object HTMLImageElement]", source: file:///C:/Program%20Files/AnyLogic%208.9%20Personal%20Learning%20Edition/plugins/com.anylogic.graphics3d_8.9.1.202408021042/static/build/three.js (19709)
[1223/035948.451:INFO:CONSOLE(19709)] "THREE.WebGLRenderer: image is not power of two (1024x597). Resized to 1024x512 [object HTMLImageElement]", source: file:///C:/Program%20Files/AnyLogic%208.9%20Personal%20Learning%20Edition/plugins/com.anylogic.graphics3d_8.9.1.202408021042/static/build/three.js (19709)
[1223/035948.456:INFO:CONSOLE(19709)] "THREE.WebGLRenderer: image is not power of two (1024x586). Resized to 1024x512 [object HTMLImageElement]", source: file:///C:/Program%20Files/AnyLogic%208.9%20Personal%20Learning%20Edition/plugins/com.anylogic.graphics3d_8.9.1.202408021042/static/build/three.js (19709)
[1223/035948.456:INFO:CONSOLE(19709)] "THREE.WebGLRenderer: image is not power of two (1024x597). Resized to 1024x512 [object HTMLImageElement]", source: file:///C:/Program%20Files/AnyLogic%208.9%20Personal%20Learning%20Edition/plugins/com.anylogic.graphics3d_8.9.1.202408021042/static/build/three.js (19709)
[1223/035948.456:INFO:CONSOLE(19709)] "THREE.WebGLRenderer: image is not power of two (1600x638). Resized to 1024x512 [object HTMLImageElement]", source: file:///C:/Program%20Files/AnyLogic%208.9%20Personal%20Learning%20Edition/plugins/com.anylogic.graphics3d_8.9.1.202408021042/static/build/three.js (19709)
[1223/035948.458:INFO:CONSOLE(19709)] "THREE.WebGLRenderer: image is not power of two (1600x755). Resized to 1024x512 [object HTMLImageElement]", source: file:///C:/Program%20Files/AnyLogic%208.9%20Personal%20Learning%20Edition/plugins/com.anylogic.graphics3d_8.9.1.202408021042/static/build/three.js (19709)
[1223/035948.463:INFO:CONSOLE(19709)] "THREE.WebGLRenderer: image is not power of two (1600x755). Resized to 1024x512 [object HTMLImageElement]", source: file:///C:/Program%20Files/AnyLogic%208.9%20Personal%20Learning%20Edition/plugins/com.anylogic.graphics3d_8.9.1.202408021042/static/build/three.js (19709)
[1223/035948.594:INFO:CONSOLE(3660)] "THREE.ColladaLoader: File version 1.4.1", source: file:///C:/Program%20Files/AnyLogic%208.9%20Personal%20Learning%20Edition/plugins/com.anylogic.graphics3d_8.9.1.202408021042/static/libs/ColladaLoader.js (3660)
[1223/035948.782:INFO:CONSOLE(255)] "Loaded: file:F:/Учеба/7 семестр/Проектный практикум/Диплом (НИЛ)/model_nil/3d/model.dae", source: file:///C:/Program%20Files/AnyLogic%208.9%20Personal%20Learning%20Edition/plugins/com.anylogic.graphics3d_8.9.1.202408021042/static/init.js (255)
[1223/035948.783:INFO:CONSOLE(271)] "load end: file:F:/Учеба/7 семестр/Проектный практикум/Диплом (НИЛ)/model_nil/3d/model.dae", source: file:///C:/Program%20Files/AnyLogic%208.9%20Personal%20Learning%20Edition/plugins/com.anylogic.graphics3d_8.9.1.202408021042/static/init.js (271)
[1223/035948.813:INFO:CONSOLE(3660)] "THREE.ColladaLoader: File version 1.4.0", source: file:///C:/Program%20Files/AnyLogic%208.9%20Personal%20Learning%20Edition/plugins/com.anylogic.graphics3d_8.9.1.202408021042/static/libs/ColladaLoader.js (3660)
[1223/035948.816:INFO:CONSOLE(255)] "Loaded: file:F:/Учеба/7 семестр/Проектный практикум/Диплом (НИЛ)/model_nil/3d/person.dae", source: file:///C:/Program%20Files/AnyLogic%208.9%20Personal%20Learning%20Edition/plugins/com.anylogic.graphics3d_8.9.1.202408021042/static/init.js (255)
[1223/035948.816:INFO:CONSOLE(271)] "load end: file:F:/Учеба/7 семестр/Проектный практикум/Диплом (НИЛ)/model_nil/3d/person.dae", source: file:///C:/Program%20Files/AnyLogic%208.9%20Personal%20Learning%20Edition/plugins/com.anylogic.graphics3d_8.9.1.202408021042/static/init.js (271)
[1223/051727.458:INFO:CONSOLE(21172)] "THREE.WebGLRenderer 92", source: file:///C:/Program%20Files/AnyLogic%208.9%20Personal%20Learning%20Edition/plugins/com.anylogic.graphics3d_8.9.1.202408021042/static/build/three.js (21172)
[1223/051728.373:INFO:CONSOLE(3660)] "THREE.ColladaLoader: File version 1.4.0", source: file:///C:/Program%20Files/AnyLogic%208.9%20Personal%20Learning%20Edition/plugins/com.anylogic.graphics3d_8.9.1.202408021042/static/libs/ColladaLoader.js (3660)
[1223/051728.378:INFO:CONSOLE(255)] "Loaded: file:C:/Users/NikitaDmitrievich/source/repos/SPPR_NIL_DIPLOM/SPPR_NIL_DIPLOM/model_nil/3d/table_2.dae", source: file:///C:/Program%20Files/AnyLogic%208.9%20Personal%20Learning%20Edition/plugins/com.anylogic.graphics3d_8.9.1.202408021042/static/init.js (255)
[1223/051728.378:INFO:CONSOLE(271)] "load end: file:C:/Users/NikitaDmitrievich/source/repos/SPPR_NIL_DIPLOM/SPPR_NIL_DIPLOM/model_nil/3d/table_2.dae", source: file:///C:/Program%20Files/AnyLogic%208.9%20Personal%20Learning%20Edition/plugins/com.anylogic.graphics3d_8.9.1.202408021042/static/init.js (271)
[1223/051728.431:INFO:CONSOLE(3660)] "THREE.ColladaLoader: File version 1.4.0", source: file:///C:/Program%20Files/AnyLogic%208.9%20Personal%20Learning%20Edition/plugins/com.anylogic.graphics3d_8.9.1.202408021042/static/libs/ColladaLoader.js (3660)
[1223/051728.434:INFO:CONSOLE(255)] "Loaded: file:C:/Users/NikitaDmitrievich/source/repos/SPPR_NIL_DIPLOM/SPPR_NIL_DIPLOM/model_nil/3d/computer_on.dae", source: file:///C:/Program%20Files/AnyLogic%208.9%20Personal%20Learning%20Edition/plugins/com.anylogic.graphics3d_8.9.1.202408021042/static/init.js (255)
[1223/051728.434:INFO:CONSOLE(271)] "load end: file:C:/Users/NikitaDmitrievich/source/repos/SPPR_NIL_DIPLOM/SPPR_NIL_DIPLOM/model_nil/3d/computer_on.dae", source: file:///C:/Program%20Files/AnyLogic%208.9%20Personal%20Learning%20Edition/plugins/com.anylogic.graphics3d_8.9.1.202408021042/static/init.js (271)
[1223/051728.444:INFO:CONSOLE(3660)] "THREE.ColladaLoader: File version 1.4.0", source: file:///C:/Program%20Files/AnyLogic%208.9%20Personal%20Learning%20Edition/plugins/com.anylogic.graphics3d_8.9.1.202408021042/static/libs/ColladaLoader.js (3660)
[1223/051728.445:INFO:CONSOLE(255)] "Loaded: file:C:/Users/NikitaDmitrievich/source/repos/SPPR_NIL_DIPLOM/SPPR_NIL_DIPLOM/model_nil/3d/monitor_on.dae", source: file:///C:/Program%20Files/AnyLogic%208.9%20Personal%20Learning%20Edition/plugins/com.anylogic.graphics3d_8.9.1.202408021042/static/init.js (255)
[1223/051728.445:INFO:CONSOLE(271)] "load end: file:C:/Users/NikitaDmitrievich/source/repos/SPPR_NIL_DIPLOM/SPPR_NIL_DIPLOM/model_nil/3d/monitor_on.dae", source: file:///C:/Program%20Files/AnyLogic%208.9%20Personal%20Learning%20Edition/plugins/com.anylogic.graphics3d_8.9.1.202408021042/static/init.js (271)
[1223/051728.454:INFO:CONSOLE(3660)] "THREE.ColladaLoader: File version 1.4.0", source: file:///C:/Program%20Files/AnyLogic%208.9%20Personal%20Learning%20Edition/plugins/com.anylogic.graphics3d_8.9.1.202408021042/static/libs/ColladaLoader.js (3660)
[1223/051728.455:INFO:CONSOLE(255)] "Loaded: file:C:/Users/NikitaDmitrievich/source/repos/SPPR_NIL_DIPLOM/SPPR_NIL_DIPLOM/model_nil/3d/keyboard.dae", source: file:///C:/Program%20Files/AnyLogic%208.9%20Personal%20Learning%20Edition/plugins/com.anylogic.graphics3d_8.9.1.202408021042/static/init.js (255)
[1223/051728.456:INFO:CONSOLE(271)] "load end: file:C:/Users/NikitaDmitrievich/source/repos/SPPR_NIL_DIPLOM/SPPR_NIL_DIPLOM/model_nil/3d/keyboard.dae", source: file:///C:/Program%20Files/AnyLogic%208.9%20Personal%20Learning%20Edition/plugins/com.anylogic.graphics3d_8.9.1.202408021042/static/init.js (271)
[1223/051728.472:INFO:CONSOLE(3660)] "THREE.ColladaLoader: File version 1.4.1", source: file:///C:/Program%20Files/AnyLogic%208.9%20Personal%20Learning%20Edition/plugins/com.anylogic.graphics3d_8.9.1.202408021042/static/libs/ColladaLoader.js (3660)
[1223/051728.494:INFO:CONSOLE(255)] "Loaded: file:C:/Users/NikitaDmitrievich/source/repos/SPPR_NIL_DIPLOM/SPPR_NIL_DIPLOM/model_nil/3d/Logitech_G603_Turbosquid.dae", source: file:///C:/Program%20Files/AnyLogic%208.9%20Personal%20Learning%20Edition/plugins/com.anylogic.graphics3d_8.9.1.202408021042/static/init.js (255)
[1223/051728.494:INFO:CONSOLE(271)] "load end: file:C:/Users/NikitaDmitrievich/source/repos/SPPR_NIL_DIPLOM/SPPR_NIL_DIPLOM/model_nil/3d/Logitech_G603_Turbosquid.dae", source: file:///C:/Program%20Files/AnyLogic%208.9%20Personal%20Learning%20Edition/plugins/com.anylogic.graphics3d_8.9.1.202408021042/static/init.js (271)
[1223/051728.544:INFO:CONSOLE(3660)] "THREE.ColladaLoader: File version 1.4.1", source: file:///C:/Program%20Files/AnyLogic%208.9%20Personal%20Learning%20Edition/plugins/com.anylogic.graphics3d_8.9.1.202408021042/static/libs/ColladaLoader.js (3660)
[1223/051728.566:INFO:CONSOLE(440)] "THREE.ColladaLoader: Animation transform type "%s" not yet implemented. translate", source: file:///C:/Program%20Files/AnyLogic%208.9%20Personal%20Learning%20Edition/plugins/com.anylogic.graphics3d_8.9.1.202408021042/static/libs/ColladaLoader.js (440)
[1223/051728.566:INFO:CONSOLE(440)] "THREE.ColladaLoader: Animation transform type "%s" not yet implemented. translate", source: file:///C:/Program%20Files/AnyLogic%208.9%20Personal%20Learning%20Edition/plugins/com.anylogic.graphics3d_8.9.1.202408021042/static/libs/ColladaLoader.js (440)
[1223/051728.566:INFO:CONSOLE(440)] "THREE.ColladaLoader: Animation transform type "%s" not yet implemented. translate", source: file:///C:/Program%20Files/AnyLogic%208.9%20Personal%20Learning%20Edition/plugins/com.anylogic.graphics3d_8.9.1.202408021042/static/libs/ColladaLoader.js (440)
[1223/051728.566:INFO:CONSOLE(444)] "THREE.ColladaLoader: Animation transform type "%s" not yet implemented. rotate", source: file:///C:/Program%20Files/AnyLogic%208.9%20Personal%20Learning%20Edition/plugins/com.anylogic.graphics3d_8.9.1.202408021042/static/libs/ColladaLoader.js (444)
[1223/051728.566:INFO:CONSOLE(444)] "THREE.ColladaLoader: Animation transform type "%s" not yet implemented. rotate", source: file:///C:/Program%20Files/AnyLogic%208.9%20Personal%20Learning%20Edition/plugins/com.anylogic.graphics3d_8.9.1.202408021042/static/libs/ColladaLoader.js (444)
[1223/051728.566:INFO:CONSOLE(444)] "THREE.ColladaLoader: Animation transform type "%s" not yet implemented. rotate", source: file:///C:/Program%20Files/AnyLogic%208.9%20Personal%20Learning%20Edition/plugins/com.anylogic.graphics3d_8.9.1.202408021042/static/libs/ColladaLoader.js (444)
[1223/051728.566:INFO:CONSOLE(448)] "THREE.ColladaLoader: Animation transform type "%s" not yet implemented. scale", source: file:///C:/Program%20Files/AnyLogic%208.9%20Personal%20Learning%20Edition/plugins/com.anylogic.graphics3d_8.9.1.202408021042/static/libs/ColladaLoader.js (448)
[1223/051728.566:INFO:CONSOLE(448)] "THREE.ColladaLoader: Animation transform type "%s" not yet implemented. scale", source: file:///C:/Program%20Files/AnyLogic%208.9%20Personal%20Learning%20Edition/plugins/com.anylogic.graphics3d_8.9.1.202408021042/static/libs/ColladaLoader.js (448)
[1223/051728.566:INFO:CONSOLE(448)] "THREE.ColladaLoader: Animation transform type "%s" not yet implemented. scale", source: file:///C:/Program%20Files/AnyLogic%208.9%20Personal%20Learning%20Edition/plugins/com.anylogic.graphics3d_8.9.1.202408021042/static/libs/ColladaLoader.js (448)
[1223/051728.568:INFO:CONSOLE(440)] "THREE.ColladaLoader: Animation transform type "%s" not yet implemented. translate", source: file:///C:/Program%20Files/AnyLogic%208.9%20Personal%20Learning%20Edition/plugins/com.anylogic.graphics3d_8.9.1.202408021042/static/libs/ColladaLoader.js (440)
[1223/051728.568:INFO:CONSOLE(440)] "THREE.ColladaLoader: Animation transform type "%s" not yet implemented. translate", source: file:///C:/Program%20Files/AnyLogic%208.9%20Personal%20Learning%20Edition/plugins/com.anylogic.graphics3d_8.9.1.202408021042/static/libs/ColladaLoader.js (440)
[1223/051728.568:INFO:CONSOLE(440)] "THREE.ColladaLoader: Animation transform type "%s" not yet implemented. translate", source: file:///C:/Program%20Files/AnyLogic%208.9%20Personal%20Learning%20Edition/plugins/com.anylogic.graphics3d_8.9.1.202408021042/static/libs/ColladaLoader.js (440)
[1223/051728.568:INFO:CONSOLE(444)] "THREE.ColladaLoader: Animation transform type "%s" not yet implemented. rotate", source: file:///C:/Program%20Files/AnyLogic%208.9%20Personal%20Learning%20Edition/plugins/com.anylogic.graphics3d_8.9.1.202408021042/static/libs/ColladaLoader.js (444)
[1223/051728.568:INFO:CONSOLE(444)] "THREE.ColladaLoader: Animation transform type "%s" not yet implemented. rotate", source: file:///C:/Program%20Files/AnyLogic%208.9%20Personal%20Learning%20Edition/plugins/com.anylogic.graphics3d_8.9.1.202408021042/static/libs/ColladaLoader.js (444)
[1223/051728.568:INFO:CONSOLE(444)] "THREE.ColladaLoader: Animation transform type "%s" not yet implemented. rotate", source: file:///C:/Program%20Files/AnyLogic%208.9%20Personal%20Learning%20Edition/plugins/com.anylogic.graphics3d_8.9.1.202408021042/static/libs/ColladaLoader.js (444)
[1223/051728.568:INFO:CONSOLE(448)] "THREE.ColladaLoader: Animation transform type "%s" not yet implemented. scale", source: file:///C:/Program%20Files/AnyLogic%208.9%20Personal%20Learning%20Edition/plugins/com.anylogic.graphics3d_8.9.1.202408021042/static/libs/ColladaLoader.js (448)
[1223/051728.568:INFO:CONSOLE(448)] "THREE.ColladaLoader: Animation transform type "%s" not yet implemented. scale", source: file:///C:/Program%20Files/AnyLogic%208.9%20Personal%20Learning%20Edition/plugins/com.anylogic.graphics3d_8.9.1.202408021042/static/libs/ColladaLoader.js (448)
[1223/051728.568:INFO:CONSOLE(448)] "THREE.ColladaLoader: Animation transform type "%s" not yet implemented. scale", source: file:///C:/Program%20Files/AnyLogic%208.9%20Personal%20Learning%20Edition/plugins/com.anylogic.graphics3d_8.9.1.202408021042/static/libs/ColladaLoader.js (448)
[1223/051728.582:INFO:CONSOLE(255)] "Loaded: file:C:/Users/NikitaDmitrievich/source/repos/SPPR_NIL_DIPLOM/SPPR_NIL_DIPLOM/model_nil/3d/HP PRINTERdae.dae", source: file:///C:/Program%20Files/AnyLogic%208.9%20Personal%20Learning%20Edition/plugins/com.anylogic.graphics3d_8.9.1.202408021042/static/init.js (255)
[1223/051728.582:INFO:CONSOLE(271)] "load end: file:C:/Users/NikitaDmitrievich/source/repos/SPPR_NIL_DIPLOM/SPPR_NIL_DIPLOM/model_nil/3d/HP PRINTERdae.dae", source: file:///C:/Program%20Files/AnyLogic%208.9%20Personal%20Learning%20Edition/plugins/com.anylogic.graphics3d_8.9.1.202408021042/static/init.js (271)
[1223/051728.621:INFO:CONSOLE(3660)] "THREE.ColladaLoader: File version 1.4.1", source: file:///C:/Program%20Files/AnyLogic%208.9%20Personal%20Learning%20Edition/plugins/com.anylogic.graphics3d_8.9.1.202408021042/static/libs/ColladaLoader.js (3660)
[1223/051728.683:INFO:CONSOLE(255)] "Loaded: file:C:/Users/NikitaDmitrievich/source/repos/SPPR_NIL_DIPLOM/SPPR_NIL_DIPLOM/model_nil/3d/Router higt-poly.dae", source: file:///C:/Program%20Files/AnyLogic%208.9%20Personal%20Learning%20Edition/plugins/com.anylogic.graphics3d_8.9.1.202408021042/static/init.js (255)
[1223/051728.684:INFO:CONSOLE(271)] "load end: file:C:/Users/NikitaDmitrievich/source/repos/SPPR_NIL_DIPLOM/SPPR_NIL_DIPLOM/model_nil/3d/Router higt-poly.dae", source: file:///C:/Program%20Files/AnyLogic%208.9%20Personal%20Learning%20Edition/plugins/com.anylogic.graphics3d_8.9.1.202408021042/static/init.js (271)
[1223/051728.760:INFO:CONSOLE(3660)] "THREE.ColladaLoader: File version 1.4.1", source: file:///C:/Program%20Files/AnyLogic%208.9%20Personal%20Learning%20Edition/plugins/com.anylogic.graphics3d_8.9.1.202408021042/static/libs/ColladaLoader.js (3660)
[1223/051728.760:INFO:CONSOLE(259)] "[object Element]", source: file:///C:/Program%20Files/AnyLogic%208.9%20Personal%20Learning%20Edition/plugins/com.anylogic.graphics3d_8.9.1.202408021042/static/libs/ColladaLoader.js (259)
[1223/051728.922:INFO:CONSOLE(255)] "Loaded: file:C:/Users/NikitaDmitrievich/source/repos/SPPR_NIL_DIPLOM/SPPR_NIL_DIPLOM/model_nil/3d/uploads_files_4338802_panels-and-things.dae", source: file:///C:/Program%20Files/AnyLogic%208.9%20Personal%20Learning%20Edition/plugins/com.anylogic.graphics3d_8.9.1.202408021042/static/init.js (255)
[1223/051728.923:INFO:CONSOLE(271)] "load end: file:C:/Users/NikitaDmitrievich/source/repos/SPPR_NIL_DIPLOM/SPPR_NIL_DIPLOM/model_nil/3d/uploads_files_4338802_panels-and-things.dae", source: file:///C:/Program%20Files/AnyLogic%208.9%20Personal%20Learning%20Edition/plugins/com.anylogic.graphics3d_8.9.1.202408021042/static/init.js (271)
[1223/051729.053:INFO:CONSOLE(3660)] "THREE.ColladaLoader: File version 1.4.1", source: file:///C:/Program%20Files/AnyLogic%208.9%20Personal%20Learning%20Edition/plugins/com.anylogic.graphics3d_8.9.1.202408021042/static/libs/ColladaLoader.js (3660)
[1223/051729.241:INFO:CONSOLE(255)] "Loaded: file:C:/Users/NikitaDmitrievich/source/repos/SPPR_NIL_DIPLOM/SPPR_NIL_DIPLOM/model_nil/3d/model.dae", source: file:///C:/Program%20Files/AnyLogic%208.9%20Personal%20Learning%20Edition/plugins/com.anylogic.graphics3d_8.9.1.202408021042/static/init.js (255)
[1223/051729.242:INFO:CONSOLE(271)] "load end: file:C:/Users/NikitaDmitrievich/source/repos/SPPR_NIL_DIPLOM/SPPR_NIL_DIPLOM/model_nil/3d/model.dae", source: file:///C:/Program%20Files/AnyLogic%208.9%20Personal%20Learning%20Edition/plugins/com.anylogic.graphics3d_8.9.1.202408021042/static/init.js (271)
[1223/051729.271:INFO:CONSOLE(3660)] "THREE.ColladaLoader: File version 1.4.0", source: file:///C:/Program%20Files/AnyLogic%208.9%20Personal%20Learning%20Edition/plugins/com.anylogic.graphics3d_8.9.1.202408021042/static/libs/ColladaLoader.js (3660)
[1223/051729.275:INFO:CONSOLE(255)] "Loaded: file:C:/Users/NikitaDmitrievich/source/repos/SPPR_NIL_DIPLOM/SPPR_NIL_DIPLOM/model_nil/3d/person.dae", source: file:///C:/Program%20Files/AnyLogic%208.9%20Personal%20Learning%20Edition/plugins/com.anylogic.graphics3d_8.9.1.202408021042/static/init.js (255)
[1223/051729.275:INFO:CONSOLE(271)] "load end: file:C:/Users/NikitaDmitrievich/source/repos/SPPR_NIL_DIPLOM/SPPR_NIL_DIPLOM/model_nil/3d/person.dae", source: file:///C:/Program%20Files/AnyLogic%208.9%20Personal%20Learning%20Edition/plugins/com.anylogic.graphics3d_8.9.1.202408021042/static/init.js (271)
[1223/051926.629:ERROR:gpu_init.cc(523)] Passthrough is not supported, GL is disabled, ANGLE is 
